<?xml version="1.0" encoding="UTF-8"?>
<testng-results ignored="0" total="1" passed="1" failed="0" skipped="0">
  <reporter-output>
  </reporter-output>
  <suite started-at="2023-05-29T11:51:49Z" name="Default suite" finished-at="2023-05-29T11:51:56Z" duration-ms="6977">
    <groups>
    </groups>
    <test started-at="2023-05-29T11:51:49Z" name="Default test" finished-at="2023-05-29T11:51:56Z" duration-ms="6977">
      <class name="orangeHrm.testscripts.PageFactoryLoginTestScripts">
        <test-method signature="loginTest()[pri:0, instance:orangeHrm.testscripts.PageFactoryLoginTestScripts@181e731e]" started-at="2023-05-29T11:51:49Z" name="loginTest" finished-at="2023-05-29T11:51:56Z" duration-ms="6941" status="PASS">
          <reporter-output>
          </reporter-output>
        </test-method> <!-- loginTest -->
      </class> <!-- orangeHrm.testscripts.PageFactoryLoginTestScripts -->
    </test> <!-- Default test -->
  </suite> <!-- Default suite -->
</testng-results>
